mode: set
github.com/presslabs/mysql-operator/pkg/syncers/mysqlcluster/config_map.go:40.70,44.2 1 1
github.com/presslabs/mysql-operator/pkg/syncers/mysqlcluster/config_map.go:46.73,53.2 1 1
github.com/presslabs/mysql-operator/pkg/syncers/mysqlcluster/config_map.go:55.59,57.2 1 0
github.com/presslabs/mysql-operator/pkg/syncers/mysqlcluster/config_map.go:59.57,66.16 5 1
github.com/presslabs/mysql-operator/pkg/syncers/mysqlcluster/config_map.go:70.2,70.62 1 1
github.com/presslabs/mysql-operator/pkg/syncers/mysqlcluster/config_map.go:79.2,87.12 3 1
github.com/presslabs/mysql-operator/pkg/syncers/mysqlcluster/config_map.go:66.16,68.3 1 0
github.com/presslabs/mysql-operator/pkg/syncers/mysqlcluster/config_map.go:70.62,71.21 1 1
github.com/presslabs/mysql-operator/pkg/syncers/mysqlcluster/config_map.go:76.3,76.100 1 1
github.com/presslabs/mysql-operator/pkg/syncers/mysqlcluster/config_map.go:71.21,75.4 2 1
github.com/presslabs/mysql-operator/pkg/syncers/mysqlcluster/config_map.go:90.70,99.16 6 1
github.com/presslabs/mysql-operator/pkg/syncers/mysqlcluster/config_map.go:103.2,104.16 2 1
github.com/presslabs/mysql-operator/pkg/syncers/mysqlcluster/config_map.go:107.2,108.16 2 1
github.com/presslabs/mysql-operator/pkg/syncers/mysqlcluster/config_map.go:113.2,114.27 2 1
github.com/presslabs/mysql-operator/pkg/syncers/mysqlcluster/config_map.go:99.16,101.3 1 0
github.com/presslabs/mysql-operator/pkg/syncers/mysqlcluster/config_map.go:104.16,106.3 1 0
github.com/presslabs/mysql-operator/pkg/syncers/mysqlcluster/config_map.go:108.16,111.3 2 0
github.com/presslabs/mysql-operator/pkg/syncers/mysqlcluster/config_map.go:119.78,120.36 1 1
github.com/presslabs/mysql-operator/pkg/syncers/mysqlcluster/config_map.go:120.36,121.27 1 1
github.com/presslabs/mysql-operator/pkg/syncers/mysqlcluster/config_map.go:121.27,122.44 1 1
github.com/presslabs/mysql-operator/pkg/syncers/mysqlcluster/config_map.go:122.44,124.5 1 0
github.com/presslabs/mysql-operator/pkg/syncers/mysqlcluster/config_map.go:130.68,131.36 1 1
github.com/presslabs/mysql-operator/pkg/syncers/mysqlcluster/config_map.go:131.36,132.27 1 1
github.com/presslabs/mysql-operator/pkg/syncers/mysqlcluster/config_map.go:132.27,133.48 1 1
github.com/presslabs/mysql-operator/pkg/syncers/mysqlcluster/config_map.go:133.48,135.5 1 0
github.com/presslabs/mysql-operator/pkg/syncers/mysqlcluster/config_map.go:142.50,144.45 2 1
github.com/presslabs/mysql-operator/pkg/syncers/mysqlcluster/config_map.go:147.2,147.26 1 1
github.com/presslabs/mysql-operator/pkg/syncers/mysqlcluster/config_map.go:144.45,146.3 1 0
github.com/presslabs/mysql-operator/pkg/syncers/mysqlcluster/headless_service.go:33.72,37.2 1 0
github.com/presslabs/mysql-operator/pkg/syncers/mysqlcluster/headless_service.go:39.75,46.2 1 0
github.com/presslabs/mysql-operator/pkg/syncers/mysqlcluster/headless_service.go:48.61,50.2 1 0
github.com/presslabs/mysql-operator/pkg/syncers/mysqlcluster/headless_service.go:52.59,57.30 4 0
github.com/presslabs/mysql-operator/pkg/syncers/mysqlcluster/headless_service.go:60.2,70.12 9 0
github.com/presslabs/mysql-operator/pkg/syncers/mysqlcluster/headless_service.go:57.30,59.3 1 0
github.com/presslabs/mysql-operator/pkg/syncers/mysqlcluster/healty_service.go:33.71,37.2 1 0
github.com/presslabs/mysql-operator/pkg/syncers/mysqlcluster/healty_service.go:41.74,48.2 1 0
github.com/presslabs/mysql-operator/pkg/syncers/mysqlcluster/healty_service.go:50.60,52.2 1 0
github.com/presslabs/mysql-operator/pkg/syncers/mysqlcluster/healty_service.go:54.58,61.30 5 0
github.com/presslabs/mysql-operator/pkg/syncers/mysqlcluster/healty_service.go:64.2,69.12 5 0
github.com/presslabs/mysql-operator/pkg/syncers/mysqlcluster/healty_service.go:61.30,63.3 1 0
github.com/presslabs/mysql-operator/pkg/syncers/mysqlcluster/master_service.go:33.70,37.2 1 0
github.com/presslabs/mysql-operator/pkg/syncers/mysqlcluster/master_service.go:39.73,46.2 1 0
github.com/presslabs/mysql-operator/pkg/syncers/mysqlcluster/master_service.go:48.59,50.2 1 0
github.com/presslabs/mysql-operator/pkg/syncers/mysqlcluster/master_service.go:52.57,59.30 5 0
github.com/presslabs/mysql-operator/pkg/syncers/mysqlcluster/master_service.go:62.2,67.12 5 0
github.com/presslabs/mysql-operator/pkg/syncers/mysqlcluster/master_service.go:59.30,61.3 1 0
github.com/presslabs/mysql-operator/pkg/syncers/mysqlcluster/pdb.go:34.64,38.2 1 0
github.com/presslabs/mysql-operator/pkg/syncers/mysqlcluster/pdb.go:40.67,47.2 1 0
github.com/presslabs/mysql-operator/pkg/syncers/mysqlcluster/pdb.go:49.53,51.2 1 0
github.com/presslabs/mysql-operator/pkg/syncers/mysqlcluster/pdb.go:53.51,55.34 2 0
github.com/presslabs/mysql-operator/pkg/syncers/mysqlcluster/pdb.go:59.2,62.12 4 0
github.com/presslabs/mysql-operator/pkg/syncers/mysqlcluster/pdb.go:55.34,58.3 1 0
github.com/presslabs/mysql-operator/pkg/syncers/mysqlcluster/secret.go:38.67,43.2 1 0
github.com/presslabs/mysql-operator/pkg/syncers/mysqlcluster/secret.go:45.70,52.2 1 0
github.com/presslabs/mysql-operator/pkg/syncers/mysqlcluster/secret.go:54.56,56.2 1 0
github.com/presslabs/mysql-operator/pkg/syncers/mysqlcluster/secret.go:58.54,61.45 2 0
github.com/presslabs/mysql-operator/pkg/syncers/mysqlcluster/secret.go:65.2,65.44 1 0
github.com/presslabs/mysql-operator/pkg/syncers/mysqlcluster/secret.go:68.2,68.48 1 0
github.com/presslabs/mysql-operator/pkg/syncers/mysqlcluster/secret.go:71.2,71.49 1 0
github.com/presslabs/mysql-operator/pkg/syncers/mysqlcluster/secret.go:74.2,74.53 1 0
github.com/presslabs/mysql-operator/pkg/syncers/mysqlcluster/secret.go:78.2,81.39 3 0
github.com/presslabs/mysql-operator/pkg/syncers/mysqlcluster/secret.go:85.2,85.43 1 0
github.com/presslabs/mysql-operator/pkg/syncers/mysqlcluster/secret.go:89.2,89.12 1 0
github.com/presslabs/mysql-operator/pkg/syncers/mysqlcluster/secret.go:61.45,63.3 1 0
github.com/presslabs/mysql-operator/pkg/syncers/mysqlcluster/secret.go:65.44,67.3 1 0
github.com/presslabs/mysql-operator/pkg/syncers/mysqlcluster/secret.go:68.48,70.3 1 0
github.com/presslabs/mysql-operator/pkg/syncers/mysqlcluster/secret.go:71.49,73.3 1 0
github.com/presslabs/mysql-operator/pkg/syncers/mysqlcluster/secret.go:74.53,76.3 1 0
github.com/presslabs/mysql-operator/pkg/syncers/mysqlcluster/secret.go:81.39,83.3 1 0
github.com/presslabs/mysql-operator/pkg/syncers/mysqlcluster/secret.go:85.43,87.3 1 0
github.com/presslabs/mysql-operator/pkg/syncers/mysqlcluster/statefullset.go:58.116,65.2 1 0
github.com/presslabs/mysql-operator/pkg/syncers/mysqlcluster/statefullset.go:67.67,74.2 1 0
github.com/presslabs/mysql-operator/pkg/syncers/mysqlcluster/statefullset.go:76.53,78.2 1 0
github.com/presslabs/mysql-operator/pkg/syncers/mysqlcluster/statefullset.go:80.51,83.53 2 0
github.com/presslabs/mysql-operator/pkg/syncers/mysqlcluster/statefullset.go:91.2,102.12 7 0
github.com/presslabs/mysql-operator/pkg/syncers/mysqlcluster/statefullset.go:83.53,86.3 1 0
github.com/presslabs/mysql-operator/pkg/syncers/mysqlcluster/statefullset.go:86.8,89.3 1 0
github.com/presslabs/mysql-operator/pkg/syncers/mysqlcluster/statefullset.go:105.82,108.41 3 0
github.com/presslabs/mysql-operator/pkg/syncers/mysqlcluster/statefullset.go:111.2,125.11 11 0
github.com/presslabs/mysql-operator/pkg/syncers/mysqlcluster/statefullset.go:108.41,110.3 1 0
github.com/presslabs/mysql-operator/pkg/syncers/mysqlcluster/statefullset.go:138.106,148.2 8 0
github.com/presslabs/mysql-operator/pkg/syncers/mysqlcluster/statefullset.go:150.58,198.73 10 0
github.com/presslabs/mysql-operator/pkg/syncers/mysqlcluster/statefullset.go:205.2,205.14 1 0
github.com/presslabs/mysql-operator/pkg/syncers/mysqlcluster/statefullset.go:308.2,308.12 1 0
github.com/presslabs/mysql-operator/pkg/syncers/mysqlcluster/statefullset.go:198.73,203.3 1 0
github.com/presslabs/mysql-operator/pkg/syncers/mysqlcluster/statefullset.go:206.29,232.5 3 0
github.com/presslabs/mysql-operator/pkg/syncers/mysqlcluster/statefullset.go:233.26,280.5 4 0
github.com/presslabs/mysql-operator/pkg/syncers/mysqlcluster/statefullset.go:281.26,305.5 2 0
github.com/presslabs/mysql-operator/pkg/syncers/mysqlcluster/statefullset.go:311.84,312.18 1 0
github.com/presslabs/mysql-operator/pkg/syncers/mysqlcluster/statefullset.go:317.2,328.11 3 0
github.com/presslabs/mysql-operator/pkg/syncers/mysqlcluster/statefullset.go:312.18,314.3 1 0
github.com/presslabs/mysql-operator/pkg/syncers/mysqlcluster/statefullset.go:331.80,333.39 2 0
github.com/presslabs/mysql-operator/pkg/syncers/mysqlcluster/statefullset.go:337.2,337.29 1 0
github.com/presslabs/mysql-operator/pkg/syncers/mysqlcluster/statefullset.go:342.2,433.39 17 0
github.com/presslabs/mysql-operator/pkg/syncers/mysqlcluster/statefullset.go:449.2,449.11 1 0
github.com/presslabs/mysql-operator/pkg/syncers/mysqlcluster/statefullset.go:333.39,335.3 1 0
github.com/presslabs/mysql-operator/pkg/syncers/mysqlcluster/statefullset.go:337.29,339.3 1 0
github.com/presslabs/mysql-operator/pkg/syncers/mysqlcluster/statefullset.go:433.39,447.3 4 0
github.com/presslabs/mysql-operator/pkg/syncers/mysqlcluster/statefullset.go:452.67,454.26 2 0
github.com/presslabs/mysql-operator/pkg/syncers/mysqlcluster/statefullset.go:458.2,478.11 5 0
github.com/presslabs/mysql-operator/pkg/syncers/mysqlcluster/statefullset.go:454.26,456.3 1 0
github.com/presslabs/mysql-operator/pkg/syncers/mysqlcluster/statefullset.go:481.110,483.18 2 0
github.com/presslabs/mysql-operator/pkg/syncers/mysqlcluster/statefullset.go:487.2,491.13 3 0
github.com/presslabs/mysql-operator/pkg/syncers/mysqlcluster/statefullset.go:497.2,501.11 3 0
github.com/presslabs/mysql-operator/pkg/syncers/mysqlcluster/statefullset.go:483.18,486.3 2 0
github.com/presslabs/mysql-operator/pkg/syncers/mysqlcluster/statefullset.go:491.13,495.3 1 0
github.com/presslabs/mysql-operator/pkg/syncers/mysqlcluster/statefullset.go:504.72,506.80 2 0
github.com/presslabs/mysql-operator/pkg/syncers/mysqlcluster/statefullset.go:515.2,515.33 1 0
github.com/presslabs/mysql-operator/pkg/syncers/mysqlcluster/statefullset.go:525.2,525.19 1 0
github.com/presslabs/mysql-operator/pkg/syncers/mysqlcluster/statefullset.go:506.80,514.3 1 0
github.com/presslabs/mysql-operator/pkg/syncers/mysqlcluster/statefullset.go:515.33,524.3 1 0
github.com/presslabs/mysql-operator/pkg/syncers/mysqlcluster/statefullset.go:528.72,529.14 1 0
github.com/presslabs/mysql-operator/pkg/syncers/mysqlcluster/statefullset.go:563.2,563.12 1 0
github.com/presslabs/mysql-operator/pkg/syncers/mysqlcluster/statefullset.go:530.25,540.4 1 0
github.com/presslabs/mysql-operator/pkg/syncers/mysqlcluster/statefullset.go:542.67,552.4 1 0
github.com/presslabs/mysql-operator/pkg/syncers/mysqlcluster/statefullset.go:554.51,560.4 1 0
github.com/presslabs/mysql-operator/pkg/syncers/mysqlcluster/statefullset.go:566.86,571.2 3 0
github.com/presslabs/mysql-operator/pkg/syncers/mysqlcluster/statefullset.go:573.96,577.25 2 0
github.com/presslabs/mysql-operator/pkg/syncers/mysqlcluster/statefullset.go:582.2,582.11 1 0
github.com/presslabs/mysql-operator/pkg/syncers/mysqlcluster/statefullset.go:577.25,578.24 1 0
github.com/presslabs/mysql-operator/pkg/syncers/mysqlcluster/statefullset.go:578.24,580.4 1 0
github.com/presslabs/mysql-operator/pkg/syncers/mysqlcluster/statefullset.go:585.74,587.26 2 0
github.com/presslabs/mysql-operator/pkg/syncers/mysqlcluster/statefullset.go:590.2,590.23 1 0
github.com/presslabs/mysql-operator/pkg/syncers/mysqlcluster/statefullset.go:587.26,589.3 1 0
github.com/presslabs/mysql-operator/pkg/syncers/mysqlcluster/statefullset.go:593.65,603.21 2 0
github.com/presslabs/mysql-operator/pkg/syncers/mysqlcluster/statefullset.go:612.2,612.27 1 0
github.com/presslabs/mysql-operator/pkg/syncers/mysqlcluster/statefullset.go:616.2,616.23 1 0
github.com/presslabs/mysql-operator/pkg/syncers/mysqlcluster/statefullset.go:620.2,620.26 1 0
github.com/presslabs/mysql-operator/pkg/syncers/mysqlcluster/statefullset.go:624.2,624.31 1 0
github.com/presslabs/mysql-operator/pkg/syncers/mysqlcluster/statefullset.go:628.2,628.28 1 0
github.com/presslabs/mysql-operator/pkg/syncers/mysqlcluster/statefullset.go:632.2,632.16 1 0
github.com/presslabs/mysql-operator/pkg/syncers/mysqlcluster/statefullset.go:604.20,605.38 1 0
github.com/presslabs/mysql-operator/pkg/syncers/mysqlcluster/statefullset.go:606.15,607.44 1 0
github.com/presslabs/mysql-operator/pkg/syncers/mysqlcluster/statefullset.go:608.10,609.44 1 0
github.com/presslabs/mysql-operator/pkg/syncers/mysqlcluster/statefullset.go:612.27,614.3 1 0
github.com/presslabs/mysql-operator/pkg/syncers/mysqlcluster/statefullset.go:616.23,618.3 1 0
github.com/presslabs/mysql-operator/pkg/syncers/mysqlcluster/statefullset.go:620.26,622.3 1 0
github.com/presslabs/mysql-operator/pkg/syncers/mysqlcluster/statefullset.go:624.31,626.3 1 0
github.com/presslabs/mysql-operator/pkg/syncers/mysqlcluster/statefullset.go:628.28,630.3 1 0
github.com/presslabs/mysql-operator/pkg/syncers/mysqlcluster/statefullset.go:635.98,636.15 1 0
github.com/presslabs/mysql-operator/pkg/syncers/mysqlcluster/statefullset.go:639.2,642.25 4 0
github.com/presslabs/mysql-operator/pkg/syncers/mysqlcluster/statefullset.go:645.2,645.28 1 0
github.com/presslabs/mysql-operator/pkg/syncers/mysqlcluster/statefullset.go:648.2,648.30 1 0
github.com/presslabs/mysql-operator/pkg/syncers/mysqlcluster/statefullset.go:652.2,652.11 1 0
github.com/presslabs/mysql-operator/pkg/syncers/mysqlcluster/statefullset.go:636.15,638.3 1 0
github.com/presslabs/mysql-operator/pkg/syncers/mysqlcluster/statefullset.go:642.25,644.3 1 0
github.com/presslabs/mysql-operator/pkg/syncers/mysqlcluster/statefullset.go:645.28,647.3 1 0
github.com/presslabs/mysql-operator/pkg/syncers/mysqlcluster/statefullset.go:648.30,650.3 1 0
github.com/presslabs/mysql-operator/pkg/syncers/mysqlcluster/statefullset.go:655.102,656.18 1 0
github.com/presslabs/mysql-operator/pkg/syncers/mysqlcluster/statefullset.go:659.2,659.11 1 0
github.com/presslabs/mysql-operator/pkg/syncers/mysqlcluster/statefullset.go:656.18,658.3 1 0
github.com/presslabs/mysql-operator/pkg/apis/mysql/v1alpha1/mysqlbackup_types.go:100.13,102.2 1 1
github.com/presslabs/mysql-operator/pkg/apis/mysql/v1alpha1/mysqlcluster_defaults.go:48.64,50.2 1 0
github.com/presslabs/mysql-operator/pkg/apis/mysql/v1alpha1/mysqlcluster_defaults.go:54.91,55.30 1 0
github.com/presslabs/mysql-operator/pkg/apis/mysql/v1alpha1/mysqlcluster_defaults.go:59.2,59.60 1 0
github.com/presslabs/mysql-operator/pkg/apis/mysql/v1alpha1/mysqlcluster_defaults.go:63.2,63.27 1 0
github.com/presslabs/mysql-operator/pkg/apis/mysql/v1alpha1/mysqlcluster_defaults.go:67.2,67.48 1 0
github.com/presslabs/mysql-operator/pkg/apis/mysql/v1alpha1/mysqlcluster_defaults.go:75.2,75.58 1 0
github.com/presslabs/mysql-operator/pkg/apis/mysql/v1alpha1/mysqlcluster_defaults.go:93.2,93.55 1 0
github.com/presslabs/mysql-operator/pkg/apis/mysql/v1alpha1/mysqlcluster_defaults.go:117.2,117.35 1 0
github.com/presslabs/mysql-operator/pkg/apis/mysql/v1alpha1/mysqlcluster_defaults.go:55.30,57.3 1 0
github.com/presslabs/mysql-operator/pkg/apis/mysql/v1alpha1/mysqlcluster_defaults.go:59.60,61.3 1 0
github.com/presslabs/mysql-operator/pkg/apis/mysql/v1alpha1/mysqlcluster_defaults.go:63.27,65.3 1 0
github.com/presslabs/mysql-operator/pkg/apis/mysql/v1alpha1/mysqlcluster_defaults.go:67.48,69.3 1 0
github.com/presslabs/mysql-operator/pkg/apis/mysql/v1alpha1/mysqlcluster_defaults.go:75.58,76.63 1 0
github.com/presslabs/mysql-operator/pkg/apis/mysql/v1alpha1/mysqlcluster_defaults.go:76.63,78.24 2 0
github.com/presslabs/mysql-operator/pkg/apis/mysql/v1alpha1/mysqlcluster_defaults.go:89.4,89.78 1 0
github.com/presslabs/mysql-operator/pkg/apis/mysql/v1alpha1/mysqlcluster_defaults.go:78.24,81.5 1 0
github.com/presslabs/mysql-operator/pkg/apis/mysql/v1alpha1/mysqlcluster_defaults.go:81.10,81.34 1 0
github.com/presslabs/mysql-operator/pkg/apis/mysql/v1alpha1/mysqlcluster_defaults.go:81.34,84.5 1 0
github.com/presslabs/mysql-operator/pkg/apis/mysql/v1alpha1/mysqlcluster_defaults.go:84.10,87.5 1 0
github.com/presslabs/mysql-operator/pkg/apis/mysql/v1alpha1/mysqlcluster_defaults.go:93.55,94.63 1 0
github.com/presslabs/mysql-operator/pkg/apis/mysql/v1alpha1/mysqlcluster_defaults.go:94.63,96.24 2 0
github.com/presslabs/mysql-operator/pkg/apis/mysql/v1alpha1/mysqlcluster_defaults.go:113.4,113.76 1 0
github.com/presslabs/mysql-operator/pkg/apis/mysql/v1alpha1/mysqlcluster_defaults.go:96.24,99.5 1 0
github.com/presslabs/mysql-operator/pkg/apis/mysql/v1alpha1/mysqlcluster_defaults.go:99.10,99.34 1 0
github.com/presslabs/mysql-operator/pkg/apis/mysql/v1alpha1/mysqlcluster_defaults.go:99.34,102.5 1 0
github.com/presslabs/mysql-operator/pkg/apis/mysql/v1alpha1/mysqlcluster_defaults.go:102.10,102.34 1 0
github.com/presslabs/mysql-operator/pkg/apis/mysql/v1alpha1/mysqlcluster_defaults.go:102.34,105.5 1 0
github.com/presslabs/mysql-operator/pkg/apis/mysql/v1alpha1/mysqlcluster_defaults.go:105.10,105.35 1 0
github.com/presslabs/mysql-operator/pkg/apis/mysql/v1alpha1/mysqlcluster_defaults.go:105.35,108.5 1 0
github.com/presslabs/mysql-operator/pkg/apis/mysql/v1alpha1/mysqlcluster_defaults.go:108.10,111.5 1 0
github.com/presslabs/mysql-operator/pkg/apis/mysql/v1alpha1/mysqlcluster_defaults.go:121.83,122.34 1 0
github.com/presslabs/mysql-operator/pkg/apis/mysql/v1alpha1/mysqlcluster_defaults.go:126.2,126.37 1 0
github.com/presslabs/mysql-operator/pkg/apis/mysql/v1alpha1/mysqlcluster_defaults.go:136.2,136.40 1 0
github.com/presslabs/mysql-operator/pkg/apis/mysql/v1alpha1/mysqlcluster_defaults.go:151.2,151.12 1 0
github.com/presslabs/mysql-operator/pkg/apis/mysql/v1alpha1/mysqlcluster_defaults.go:122.34,124.3 1 0
github.com/presslabs/mysql-operator/pkg/apis/mysql/v1alpha1/mysqlcluster_defaults.go:126.37,133.3 1 0
github.com/presslabs/mysql-operator/pkg/apis/mysql/v1alpha1/mysqlcluster_defaults.go:136.40,150.3 1 0
github.com/presslabs/mysql-operator/pkg/apis/mysql/v1alpha1/mysqlcluster_defaults.go:155.43,156.30 1 0
github.com/presslabs/mysql-operator/pkg/apis/mysql/v1alpha1/mysqlcluster_defaults.go:162.2,162.37 1 0
github.com/presslabs/mysql-operator/pkg/apis/mysql/v1alpha1/mysqlcluster_defaults.go:170.2,170.12 1 0
github.com/presslabs/mysql-operator/pkg/apis/mysql/v1alpha1/mysqlcluster_defaults.go:156.30,160.3 1 0
github.com/presslabs/mysql-operator/pkg/apis/mysql/v1alpha1/mysqlcluster_defaults.go:162.37,168.3 1 0
github.com/presslabs/mysql-operator/pkg/apis/mysql/v1alpha1/mysqlcluster_status.go:32.51,42.35 3 0
github.com/presslabs/mysql-operator/pkg/apis/mysql/v1alpha1/mysqlcluster_status.go:42.35,47.3 3 0
github.com/presslabs/mysql-operator/pkg/apis/mysql/v1alpha1/mysqlcluster_status.go:47.8,48.48 1 0
github.com/presslabs/mysql-operator/pkg/apis/mysql/v1alpha1/mysqlcluster_status.go:48.48,50.42 2 0
github.com/presslabs/mysql-operator/pkg/apis/mysql/v1alpha1/mysqlcluster_status.go:58.4,60.41 2 0
github.com/presslabs/mysql-operator/pkg/apis/mysql/v1alpha1/mysqlcluster_status.go:50.42,55.5 2 0
github.com/presslabs/mysql-operator/pkg/apis/mysql/v1alpha1/mysqlcluster_status.go:55.10,57.5 1 0
github.com/presslabs/mysql-operator/pkg/apis/mysql/v1alpha1/mysqlcluster_status.go:61.9,66.4 3 0
github.com/presslabs/mysql-operator/pkg/apis/mysql/v1alpha1/mysqlcluster_status.go:70.72,71.43 1 0
github.com/presslabs/mysql-operator/pkg/apis/mysql/v1alpha1/mysqlcluster_status.go:77.2,77.17 1 0
github.com/presslabs/mysql-operator/pkg/apis/mysql/v1alpha1/mysqlcluster_status.go:71.43,72.22 1 0
github.com/presslabs/mysql-operator/pkg/apis/mysql/v1alpha1/mysqlcluster_status.go:72.22,74.4 1 0
github.com/presslabs/mysql-operator/pkg/apis/mysql/v1alpha1/mysqlcluster_status.go:81.77,82.43 1 0
github.com/presslabs/mysql-operator/pkg/apis/mysql/v1alpha1/mysqlcluster_status.go:88.2,88.12 1 0
github.com/presslabs/mysql-operator/pkg/apis/mysql/v1alpha1/mysqlcluster_status.go:82.43,83.22 1 0
github.com/presslabs/mysql-operator/pkg/apis/mysql/v1alpha1/mysqlcluster_status.go:83.22,85.4 1 0
github.com/presslabs/mysql-operator/pkg/apis/mysql/v1alpha1/mysqlcluster_status.go:94.51,104.35 3 0
github.com/presslabs/mysql-operator/pkg/apis/mysql/v1alpha1/mysqlcluster_status.go:104.35,109.3 3 0
github.com/presslabs/mysql-operator/pkg/apis/mysql/v1alpha1/mysqlcluster_status.go:109.8,110.48 1 0
github.com/presslabs/mysql-operator/pkg/apis/mysql/v1alpha1/mysqlcluster_status.go:110.48,112.42 2 0
github.com/presslabs/mysql-operator/pkg/apis/mysql/v1alpha1/mysqlcluster_status.go:120.4,122.41 2 0
github.com/presslabs/mysql-operator/pkg/apis/mysql/v1alpha1/mysqlcluster_status.go:112.42,117.5 2 0
github.com/presslabs/mysql-operator/pkg/apis/mysql/v1alpha1/mysqlcluster_status.go:117.10,119.5 1 0
github.com/presslabs/mysql-operator/pkg/apis/mysql/v1alpha1/mysqlcluster_status.go:123.9,128.4 3 0
github.com/presslabs/mysql-operator/pkg/apis/mysql/v1alpha1/mysqlcluster_status.go:132.70,133.43 1 0
github.com/presslabs/mysql-operator/pkg/apis/mysql/v1alpha1/mysqlcluster_status.go:139.2,139.17 1 0
github.com/presslabs/mysql-operator/pkg/apis/mysql/v1alpha1/mysqlcluster_status.go:133.43,134.22 1 0
github.com/presslabs/mysql-operator/pkg/apis/mysql/v1alpha1/mysqlcluster_status.go:134.22,136.4 1 0
github.com/presslabs/mysql-operator/pkg/apis/mysql/v1alpha1/mysqlcluster_status.go:144.37,154.29 4 0
github.com/presslabs/mysql-operator/pkg/apis/mysql/v1alpha1/mysqlcluster_status.go:184.2,184.16 1 0
github.com/presslabs/mysql-operator/pkg/apis/mysql/v1alpha1/mysqlcluster_status.go:154.29,160.3 4 0
github.com/presslabs/mysql-operator/pkg/apis/mysql/v1alpha1/mysqlcluster_status.go:160.8,161.46 1 0
github.com/presslabs/mysql-operator/pkg/apis/mysql/v1alpha1/mysqlcluster_status.go:161.46,163.42 2 0
github.com/presslabs/mysql-operator/pkg/apis/mysql/v1alpha1/mysqlcluster_status.go:172.4,174.35 2 0
github.com/presslabs/mysql-operator/pkg/apis/mysql/v1alpha1/mysqlcluster_status.go:163.42,169.5 3 0
github.com/presslabs/mysql-operator/pkg/apis/mysql/v1alpha1/mysqlcluster_status.go:169.10,171.5 1 0
github.com/presslabs/mysql-operator/pkg/apis/mysql/v1alpha1/mysqlcluster_status.go:175.9,181.4 4 0
github.com/presslabs/mysql-operator/pkg/apis/mysql/v1alpha1/mysqlcluster_status.go:187.71,188.37 1 0
github.com/presslabs/mysql-operator/pkg/apis/mysql/v1alpha1/mysqlcluster_status.go:194.2,194.17 1 0
github.com/presslabs/mysql-operator/pkg/apis/mysql/v1alpha1/mysqlcluster_status.go:188.37,189.25 1 0
github.com/presslabs/mysql-operator/pkg/apis/mysql/v1alpha1/mysqlcluster_status.go:189.25,191.4 1 0
github.com/presslabs/mysql-operator/pkg/apis/mysql/v1alpha1/mysqlcluster_status.go:198.66,199.36 1 0
github.com/presslabs/mysql-operator/pkg/apis/mysql/v1alpha1/mysqlcluster_status.go:204.2,205.35 2 0
github.com/presslabs/mysql-operator/pkg/apis/mysql/v1alpha1/mysqlcluster_status.go:199.36,200.30 1 0
github.com/presslabs/mysql-operator/pkg/apis/mysql/v1alpha1/mysqlcluster_status.go:200.30,202.4 1 0
github.com/presslabs/mysql-operator/pkg/apis/mysql/v1alpha1/mysqlcluster_status.go:209.76,210.45 1 0
github.com/presslabs/mysql-operator/pkg/apis/mysql/v1alpha1/mysqlcluster_status.go:214.2,214.12 1 0
github.com/presslabs/mysql-operator/pkg/apis/mysql/v1alpha1/mysqlcluster_status.go:210.45,212.3 1 0
github.com/presslabs/mysql-operator/pkg/apis/mysql/v1alpha1/mysqlcluster_types.go:240.13,242.2 1 1
github.com/presslabs/mysql-operator/pkg/apis/mysql/v1alpha1/mysqlcluster_util.go:27.54,32.2 1 0
github.com/presslabs/mysql-operator/pkg/apis/mysql/v1alpha1/mysqlcluster_util.go:53.69,55.2 1 0
github.com/presslabs/mysql-operator/pkg/apis/mysql/v1alpha1/mysqlcluster_util.go:58.71,59.14 1 0
github.com/presslabs/mysql-operator/pkg/apis/mysql/v1alpha1/mysqlcluster_util.go:60.72,61.46 1 0
github.com/presslabs/mysql-operator/pkg/apis/mysql/v1alpha1/mysqlcluster_util.go:62.21,63.53 1 0
github.com/presslabs/mysql-operator/pkg/apis/mysql/v1alpha1/mysqlcluster_util.go:64.19,65.52 1 0
github.com/presslabs/mysql-operator/pkg/apis/mysql/v1alpha1/mysqlcluster_util.go:66.10,67.46 1 0
github.com/presslabs/mysql-operator/pkg/apis/mysql/v1alpha1/mysqlcluster_util.go:72.53,76.2 1 0
github.com/presslabs/mysql-operator/pkg/apis/mysql/v1alpha1/mysqlcluster_util.go:79.49,81.2 1 0
github.com/presslabs/mysql-operator/pkg/apis/mysql/v1alpha1/mysqlcluster_util.go:84.47,87.36 2 0
github.com/presslabs/mysql-operator/pkg/apis/mysql/v1alpha1/mysqlcluster_util.go:94.2,94.19 1 0
github.com/presslabs/mysql-operator/pkg/apis/mysql/v1alpha1/mysqlcluster_util.go:87.36,89.38 1 0
github.com/presslabs/mysql-operator/pkg/apis/mysql/v1alpha1/mysqlcluster_util.go:89.38,91.4 1 0
github.com/presslabs/mysql-operator/pkg/apis/mysql/v1alpha1/mysqlcluster_util.go:98.65,107.2 2 0
github.com/presslabs/mysql-operator/pkg/apis/mysql/v1alpha1/zz_generated.deepcopy.go:29.63,33.2 3 0
github.com/presslabs/mysql-operator/pkg/apis/mysql/v1alpha1/zz_generated.deepcopy.go:36.56,37.15 1 0
github.com/presslabs/mysql-operator/pkg/apis/mysql/v1alpha1/zz_generated.deepcopy.go:40.2,42.12 3 0
github.com/presslabs/mysql-operator/pkg/apis/mysql/v1alpha1/zz_generated.deepcopy.go:37.15,39.3 1 0
github.com/presslabs/mysql-operator/pkg/apis/mysql/v1alpha1/zz_generated.deepcopy.go:46.65,50.2 3 0
github.com/presslabs/mysql-operator/pkg/apis/mysql/v1alpha1/zz_generated.deepcopy.go:53.58,54.15 1 0
github.com/presslabs/mysql-operator/pkg/apis/mysql/v1alpha1/zz_generated.deepcopy.go:57.2,59.12 3 0
github.com/presslabs/mysql-operator/pkg/apis/mysql/v1alpha1/zz_generated.deepcopy.go:54.15,56.3 1 0
github.com/presslabs/mysql-operator/pkg/apis/mysql/v1alpha1/zz_generated.deepcopy.go:63.55,70.2 6 1
github.com/presslabs/mysql-operator/pkg/apis/mysql/v1alpha1/zz_generated.deepcopy.go:73.48,74.15 1 1
github.com/presslabs/mysql-operator/pkg/apis/mysql/v1alpha1/zz_generated.deepcopy.go:77.2,79.12 3 1
github.com/presslabs/mysql-operator/pkg/apis/mysql/v1alpha1/zz_generated.deepcopy.go:74.15,76.3 1 0
github.com/presslabs/mysql-operator/pkg/apis/mysql/v1alpha1/zz_generated.deepcopy.go:83.56,84.34 1 0
github.com/presslabs/mysql-operator/pkg/apis/mysql/v1alpha1/zz_generated.deepcopy.go:87.2,87.12 1 0
github.com/presslabs/mysql-operator/pkg/apis/mysql/v1alpha1/zz_generated.deepcopy.go:84.34,86.3 1 0
github.com/presslabs/mysql-operator/pkg/apis/mysql/v1alpha1/zz_generated.deepcopy.go:91.63,95.21 4 0
github.com/presslabs/mysql-operator/pkg/apis/mysql/v1alpha1/zz_generated.deepcopy.go:102.2,102.8 1 0
github.com/presslabs/mysql-operator/pkg/apis/mysql/v1alpha1/zz_generated.deepcopy.go:95.21,98.22 3 0
github.com/presslabs/mysql-operator/pkg/apis/mysql/v1alpha1/zz_generated.deepcopy.go:98.22,100.4 1 0
github.com/presslabs/mysql-operator/pkg/apis/mysql/v1alpha1/zz_generated.deepcopy.go:106.56,107.15 1 0
github.com/presslabs/mysql-operator/pkg/apis/mysql/v1alpha1/zz_generated.deepcopy.go:110.2,112.12 3 0
github.com/presslabs/mysql-operator/pkg/apis/mysql/v1alpha1/zz_generated.deepcopy.go:107.15,109.3 1 0
github.com/presslabs/mysql-operator/pkg/apis/mysql/v1alpha1/zz_generated.deepcopy.go:116.60,117.34 1 0
github.com/presslabs/mysql-operator/pkg/apis/mysql/v1alpha1/zz_generated.deepcopy.go:120.2,120.12 1 0
github.com/presslabs/mysql-operator/pkg/apis/mysql/v1alpha1/zz_generated.deepcopy.go:117.34,119.3 1 0
github.com/presslabs/mysql-operator/pkg/apis/mysql/v1alpha1/zz_generated.deepcopy.go:124.63,127.2 2 0
github.com/presslabs/mysql-operator/pkg/apis/mysql/v1alpha1/zz_generated.deepcopy.go:130.56,131.15 1 0
github.com/presslabs/mysql-operator/pkg/apis/mysql/v1alpha1/zz_generated.deepcopy.go:134.2,136.12 3 0
github.com/presslabs/mysql-operator/pkg/apis/mysql/v1alpha1/zz_generated.deepcopy.go:131.15,133.3 1 0
github.com/presslabs/mysql-operator/pkg/apis/mysql/v1alpha1/zz_generated.deepcopy.go:140.67,142.26 2 1
github.com/presslabs/mysql-operator/pkg/apis/mysql/v1alpha1/zz_generated.deepcopy.go:149.2,149.8 1 1
github.com/presslabs/mysql-operator/pkg/apis/mysql/v1alpha1/zz_generated.deepcopy.go:142.26,145.22 3 0
github.com/presslabs/mysql-operator/pkg/apis/mysql/v1alpha1/zz_generated.deepcopy.go:145.22,147.4 1 0
github.com/presslabs/mysql-operator/pkg/apis/mysql/v1alpha1/zz_generated.deepcopy.go:153.60,154.15 1 0
github.com/presslabs/mysql-operator/pkg/apis/mysql/v1alpha1/zz_generated.deepcopy.go:157.2,159.12 3 0
github.com/presslabs/mysql-operator/pkg/apis/mysql/v1alpha1/zz_generated.deepcopy.go:154.15,156.3 1 0
github.com/presslabs/mysql-operator/pkg/apis/mysql/v1alpha1/zz_generated.deepcopy.go:163.57,170.2 6 1
github.com/presslabs/mysql-operator/pkg/apis/mysql/v1alpha1/zz_generated.deepcopy.go:173.50,174.15 1 1
github.com/presslabs/mysql-operator/pkg/apis/mysql/v1alpha1/zz_generated.deepcopy.go:177.2,179.12 3 1
github.com/presslabs/mysql-operator/pkg/apis/mysql/v1alpha1/zz_generated.deepcopy.go:174.15,176.3 1 0
github.com/presslabs/mysql-operator/pkg/apis/mysql/v1alpha1/zz_generated.deepcopy.go:183.57,184.34 1 0
github.com/presslabs/mysql-operator/pkg/apis/mysql/v1alpha1/zz_generated.deepcopy.go:187.2,187.12 1 0
github.com/presslabs/mysql-operator/pkg/apis/mysql/v1alpha1/zz_generated.deepcopy.go:184.34,186.3 1 0
github.com/presslabs/mysql-operator/pkg/apis/mysql/v1alpha1/zz_generated.deepcopy.go:191.65,195.21 4 0
github.com/presslabs/mysql-operator/pkg/apis/mysql/v1alpha1/zz_generated.deepcopy.go:202.2,202.8 1 0
github.com/presslabs/mysql-operator/pkg/apis/mysql/v1alpha1/zz_generated.deepcopy.go:195.21,198.22 3 0
github.com/presslabs/mysql-operator/pkg/apis/mysql/v1alpha1/zz_generated.deepcopy.go:198.22,200.4 1 0
github.com/presslabs/mysql-operator/pkg/apis/mysql/v1alpha1/zz_generated.deepcopy.go:206.58,207.15 1 0
github.com/presslabs/mysql-operator/pkg/apis/mysql/v1alpha1/zz_generated.deepcopy.go:210.2,212.12 3 0
github.com/presslabs/mysql-operator/pkg/apis/mysql/v1alpha1/zz_generated.deepcopy.go:207.15,209.3 1 0
github.com/presslabs/mysql-operator/pkg/apis/mysql/v1alpha1/zz_generated.deepcopy.go:216.61,217.34 1 0
github.com/presslabs/mysql-operator/pkg/apis/mysql/v1alpha1/zz_generated.deepcopy.go:220.2,220.12 1 0
github.com/presslabs/mysql-operator/pkg/apis/mysql/v1alpha1/zz_generated.deepcopy.go:217.34,219.3 1 0
github.com/presslabs/mysql-operator/pkg/apis/mysql/v1alpha1/zz_generated.deepcopy.go:224.65,226.46 2 1
github.com/presslabs/mysql-operator/pkg/apis/mysql/v1alpha1/zz_generated.deepcopy.go:231.2,231.25 1 1
github.com/presslabs/mysql-operator/pkg/apis/mysql/v1alpha1/zz_generated.deepcopy.go:238.2,240.31 3 1
github.com/presslabs/mysql-operator/pkg/apis/mysql/v1alpha1/zz_generated.deepcopy.go:245.2,245.27 1 1
github.com/presslabs/mysql-operator/pkg/apis/mysql/v1alpha1/zz_generated.deepcopy.go:250.2,250.8 1 1
github.com/presslabs/mysql-operator/pkg/apis/mysql/v1alpha1/zz_generated.deepcopy.go:226.46,230.3 3 0
github.com/presslabs/mysql-operator/pkg/apis/mysql/v1alpha1/zz_generated.deepcopy.go:231.25,234.29 3 0
github.com/presslabs/mysql-operator/pkg/apis/mysql/v1alpha1/zz_generated.deepcopy.go:234.29,236.4 1 0
github.com/presslabs/mysql-operator/pkg/apis/mysql/v1alpha1/zz_generated.deepcopy.go:240.31,244.3 3 0
github.com/presslabs/mysql-operator/pkg/apis/mysql/v1alpha1/zz_generated.deepcopy.go:245.27,249.3 3 0
github.com/presslabs/mysql-operator/pkg/apis/mysql/v1alpha1/zz_generated.deepcopy.go:254.58,255.15 1 0
github.com/presslabs/mysql-operator/pkg/apis/mysql/v1alpha1/zz_generated.deepcopy.go:258.2,260.12 3 0
github.com/presslabs/mysql-operator/pkg/apis/mysql/v1alpha1/zz_generated.deepcopy.go:255.15,257.3 1 0
github.com/presslabs/mysql-operator/pkg/apis/mysql/v1alpha1/zz_generated.deepcopy.go:264.69,266.26 2 1
github.com/presslabs/mysql-operator/pkg/apis/mysql/v1alpha1/zz_generated.deepcopy.go:273.2,273.21 1 1
github.com/presslabs/mysql-operator/pkg/apis/mysql/v1alpha1/zz_generated.deepcopy.go:280.2,280.8 1 1
github.com/presslabs/mysql-operator/pkg/apis/mysql/v1alpha1/zz_generated.deepcopy.go:266.26,269.22 3 0
github.com/presslabs/mysql-operator/pkg/apis/mysql/v1alpha1/zz_generated.deepcopy.go:269.22,271.4 1 0
github.com/presslabs/mysql-operator/pkg/apis/mysql/v1alpha1/zz_generated.deepcopy.go:273.21,276.22 3 0
github.com/presslabs/mysql-operator/pkg/apis/mysql/v1alpha1/zz_generated.deepcopy.go:276.22,278.4 1 0
github.com/presslabs/mysql-operator/pkg/apis/mysql/v1alpha1/zz_generated.deepcopy.go:284.62,285.15 1 0
github.com/presslabs/mysql-operator/pkg/apis/mysql/v1alpha1/zz_generated.deepcopy.go:288.2,290.12 3 0
github.com/presslabs/mysql-operator/pkg/apis/mysql/v1alpha1/zz_generated.deepcopy.go:285.15,287.3 1 0
github.com/presslabs/mysql-operator/pkg/apis/mysql/v1alpha1/zz_generated.deepcopy.go:294.50,295.2 1 0
github.com/presslabs/mysql-operator/pkg/apis/mysql/v1alpha1/zz_generated.deepcopy.go:295.2,298.29 3 0
github.com/presslabs/mysql-operator/pkg/apis/mysql/v1alpha1/zz_generated.deepcopy.go:301.3,301.9 1 0
github.com/presslabs/mysql-operator/pkg/apis/mysql/v1alpha1/zz_generated.deepcopy.go:298.29,300.4 1 0
github.com/presslabs/mysql-operator/pkg/apis/mysql/v1alpha1/zz_generated.deepcopy.go:306.42,307.15 1 0
github.com/presslabs/mysql-operator/pkg/apis/mysql/v1alpha1/zz_generated.deepcopy.go:310.2,312.13 3 0
github.com/presslabs/mysql-operator/pkg/apis/mysql/v1alpha1/zz_generated.deepcopy.go:307.15,309.3 1 0
github.com/presslabs/mysql-operator/pkg/apis/mysql/v1alpha1/zz_generated.deepcopy.go:316.59,320.2 3 0
github.com/presslabs/mysql-operator/pkg/apis/mysql/v1alpha1/zz_generated.deepcopy.go:323.52,324.15 1 0
github.com/presslabs/mysql-operator/pkg/apis/mysql/v1alpha1/zz_generated.deepcopy.go:327.2,329.12 3 0
github.com/presslabs/mysql-operator/pkg/apis/mysql/v1alpha1/zz_generated.deepcopy.go:324.15,326.3 1 0
github.com/presslabs/mysql-operator/pkg/apis/mysql/v1alpha1/zz_generated.deepcopy.go:333.53,335.26 2 0
github.com/presslabs/mysql-operator/pkg/apis/mysql/v1alpha1/zz_generated.deepcopy.go:342.2,342.8 1 0
github.com/presslabs/mysql-operator/pkg/apis/mysql/v1alpha1/zz_generated.deepcopy.go:335.26,338.22 3 0
github.com/presslabs/mysql-operator/pkg/apis/mysql/v1alpha1/zz_generated.deepcopy.go:338.22,340.4 1 0
github.com/presslabs/mysql-operator/pkg/apis/mysql/v1alpha1/zz_generated.deepcopy.go:346.46,347.15 1 0
github.com/presslabs/mysql-operator/pkg/apis/mysql/v1alpha1/zz_generated.deepcopy.go:350.2,352.12 3 0
github.com/presslabs/mysql-operator/pkg/apis/mysql/v1alpha1/zz_generated.deepcopy.go:347.15,349.3 1 0
github.com/presslabs/mysql-operator/pkg/apis/mysql/v1alpha1/zz_generated.deepcopy.go:356.47,358.32 2 1
github.com/presslabs/mysql-operator/pkg/apis/mysql/v1alpha1/zz_generated.deepcopy.go:363.2,363.22 1 1
github.com/presslabs/mysql-operator/pkg/apis/mysql/v1alpha1/zz_generated.deepcopy.go:370.2,370.27 1 1
github.com/presslabs/mysql-operator/pkg/apis/mysql/v1alpha1/zz_generated.deepcopy.go:377.2,379.28 3 1
github.com/presslabs/mysql-operator/pkg/apis/mysql/v1alpha1/zz_generated.deepcopy.go:386.2,386.8 1 1
github.com/presslabs/mysql-operator/pkg/apis/mysql/v1alpha1/zz_generated.deepcopy.go:358.32,362.3 3 0
github.com/presslabs/mysql-operator/pkg/apis/mysql/v1alpha1/zz_generated.deepcopy.go:363.22,366.29 3 0
github.com/presslabs/mysql-operator/pkg/apis/mysql/v1alpha1/zz_generated.deepcopy.go:366.29,368.4 1 0
github.com/presslabs/mysql-operator/pkg/apis/mysql/v1alpha1/zz_generated.deepcopy.go:370.27,373.29 3 0
github.com/presslabs/mysql-operator/pkg/apis/mysql/v1alpha1/zz_generated.deepcopy.go:373.29,375.4 1 0
github.com/presslabs/mysql-operator/pkg/apis/mysql/v1alpha1/zz_generated.deepcopy.go:379.28,382.29 3 0
github.com/presslabs/mysql-operator/pkg/apis/mysql/v1alpha1/zz_generated.deepcopy.go:382.29,384.4 1 0
github.com/presslabs/mysql-operator/pkg/apis/mysql/v1alpha1/zz_generated.deepcopy.go:390.40,391.15 1 0
github.com/presslabs/mysql-operator/pkg/apis/mysql/v1alpha1/zz_generated.deepcopy.go:394.2,396.12 3 0
github.com/presslabs/mysql-operator/pkg/apis/mysql/v1alpha1/zz_generated.deepcopy.go:391.15,393.3 1 0
github.com/presslabs/mysql-operator/pkg/apis/mysql/v1alpha1/zz_generated.deepcopy.go:400.55,402.27 2 0
github.com/presslabs/mysql-operator/pkg/apis/mysql/v1alpha1/zz_generated.deepcopy.go:407.2,407.24 1 0
github.com/presslabs/mysql-operator/pkg/apis/mysql/v1alpha1/zz_generated.deepcopy.go:412.2,412.29 1 0
github.com/presslabs/mysql-operator/pkg/apis/mysql/v1alpha1/zz_generated.deepcopy.go:417.2,417.26 1 0
github.com/presslabs/mysql-operator/pkg/apis/mysql/v1alpha1/zz_generated.deepcopy.go:422.2,422.8 1 0
github.com/presslabs/mysql-operator/pkg/apis/mysql/v1alpha1/zz_generated.deepcopy.go:402.27,406.3 3 0
github.com/presslabs/mysql-operator/pkg/apis/mysql/v1alpha1/zz_generated.deepcopy.go:407.24,411.3 3 0
github.com/presslabs/mysql-operator/pkg/apis/mysql/v1alpha1/zz_generated.deepcopy.go:412.29,416.3 3 0
github.com/presslabs/mysql-operator/pkg/apis/mysql/v1alpha1/zz_generated.deepcopy.go:417.26,421.3 3 0
github.com/presslabs/mysql-operator/pkg/apis/mysql/v1alpha1/zz_generated.deepcopy.go:426.48,427.15 1 0
github.com/presslabs/mysql-operator/pkg/apis/mysql/v1alpha1/zz_generated.deepcopy.go:430.2,432.12 3 0
github.com/presslabs/mysql-operator/pkg/apis/mysql/v1alpha1/zz_generated.deepcopy.go:427.15,429.3 1 0
github.com/presslabs/mysql-operator/pkg/apis/mysql/v1alpha1/zz_generated.deepcopy.go:436.53,440.2 3 1
github.com/presslabs/mysql-operator/pkg/apis/mysql/v1alpha1/zz_generated.deepcopy.go:443.46,444.15 1 0
github.com/presslabs/mysql-operator/pkg/apis/mysql/v1alpha1/zz_generated.deepcopy.go:447.2,449.12 3 0
github.com/presslabs/mysql-operator/pkg/apis/mysql/v1alpha1/zz_generated.deepcopy.go:444.15,446.3 1 0
github.com/presslabs/mysql-operator/pkg/controller/mysqlbackup/mysqlbackup_controller.go:48.37,50.2 1 0
github.com/presslabs/mysql-operator/pkg/controller/mysqlbackup/mysqlbackup_controller.go:53.62,55.2 1 1
github.com/presslabs/mysql-operator/pkg/controller/mysqlbackup/mysqlbackup_controller.go:58.61,61.16 2 1
github.com/presslabs/mysql-operator/pkg/controller/mysqlbackup/mysqlbackup_controller.go:66.2,67.16 2 1
github.com/presslabs/mysql-operator/pkg/controller/mysqlbackup/mysqlbackup_controller.go:73.2,77.16 2 1
github.com/presslabs/mysql-operator/pkg/controller/mysqlbackup/mysqlbackup_controller.go:81.2,81.12 1 1
github.com/presslabs/mysql-operator/pkg/controller/mysqlbackup/mysqlbackup_controller.go:61.16,63.3 1 0
github.com/presslabs/mysql-operator/pkg/controller/mysqlbackup/mysqlbackup_controller.go:67.16,69.3 1 0
github.com/presslabs/mysql-operator/pkg/controller/mysqlbackup/mysqlbackup_controller.go:77.16,79.3 1 0
github.com/presslabs/mysql-operator/pkg/controller/mysqlbackup/mysqlbackup_controller.go:99.95,103.16 3 1
github.com/presslabs/mysql-operator/pkg/controller/mysqlbackup/mysqlbackup_controller.go:115.2,137.89 2 1
github.com/presslabs/mysql-operator/pkg/controller/mysqlbackup/mysqlbackup_controller.go:143.2,145.42 3 1
github.com/presslabs/mysql-operator/pkg/controller/mysqlbackup/mysqlbackup_controller.go:157.2,157.49 1 1
github.com/presslabs/mysql-operator/pkg/controller/mysqlbackup/mysqlbackup_controller.go:165.2,165.32 1 0
github.com/presslabs/mysql-operator/pkg/controller/mysqlbackup/mysqlbackup_controller.go:103.16,104.29 1 0
github.com/presslabs/mysql-operator/pkg/controller/mysqlbackup/mysqlbackup_controller.go:110.3,110.33 1 0
github.com/presslabs/mysql-operator/pkg/controller/mysqlbackup/mysqlbackup_controller.go:104.29,108.4 1 0
github.com/presslabs/mysql-operator/pkg/controller/mysqlbackup/mysqlbackup_controller.go:137.89,139.3 1 0
github.com/presslabs/mysql-operator/pkg/controller/mysqlbackup/mysqlbackup_controller.go:145.42,148.17 3 1
github.com/presslabs/mysql-operator/pkg/controller/mysqlbackup/mysqlbackup_controller.go:148.17,150.4 1 0
github.com/presslabs/mysql-operator/pkg/controller/mysqlbackup/mysqlbackup_controller.go:151.8,151.23 1 0
github.com/presslabs/mysql-operator/pkg/controller/mysqlbackup/mysqlbackup_controller.go:151.23,153.3 1 0
github.com/presslabs/mysql-operator/pkg/controller/mysqlbackup/mysqlbackup_controller.go:157.49,161.17 4 1
github.com/presslabs/mysql-operator/pkg/controller/mysqlbackup/mysqlbackup_controller.go:161.17,163.4 1 1
github.com/presslabs/mysql-operator/pkg/controller/mysqlcluster/mysqlcluster_controller.go:57.37,59.2 1 0
github.com/presslabs/mysql-operator/pkg/controller/mysqlcluster/mysqlcluster_controller.go:62.62,65.2 1 1
github.com/presslabs/mysql-operator/pkg/controller/mysqlcluster/mysqlcluster_controller.go:68.61,71.16 2 1
github.com/presslabs/mysql-operator/pkg/controller/mysqlcluster/mysqlcluster_controller.go:76.2,77.16 2 1
github.com/presslabs/mysql-operator/pkg/controller/mysqlcluster/mysqlcluster_controller.go:81.2,85.16 2 1
github.com/presslabs/mysql-operator/pkg/controller/mysqlcluster/mysqlcluster_controller.go:92.2,92.12 1 1
github.com/presslabs/mysql-operator/pkg/controller/mysqlcluster/mysqlcluster_controller.go:71.16,73.3 1 0
github.com/presslabs/mysql-operator/pkg/controller/mysqlcluster/mysqlcluster_controller.go:77.16,79.3 1 0
github.com/presslabs/mysql-operator/pkg/controller/mysqlcluster/mysqlcluster_controller.go:85.16,87.3 1 0
github.com/presslabs/mysql-operator/pkg/controller/mysqlcluster/mysqlcluster_controller.go:109.96,113.16 3 1
github.com/presslabs/mysql-operator/pkg/controller/mysqlcluster/mysqlcluster_controller.go:122.2,125.39 2 1
github.com/presslabs/mysql-operator/pkg/controller/mysqlcluster/mysqlcluster_controller.go:130.2,133.15 3 1
github.com/presslabs/mysql-operator/pkg/controller/mysqlcluster/mysqlcluster_controller.go:142.2,148.16 3 1
github.com/presslabs/mysql-operator/pkg/controller/mysqlcluster/mysqlcluster_controller.go:153.2,154.16 2 1
github.com/presslabs/mysql-operator/pkg/controller/mysqlcluster/mysqlcluster_controller.go:159.2,167.41 2 1
github.com/presslabs/mysql-operator/pkg/controller/mysqlcluster/mysqlcluster_controller.go:171.2,171.58 1 1
github.com/presslabs/mysql-operator/pkg/controller/mysqlcluster/mysqlcluster_controller.go:113.16,114.29 1 1
github.com/presslabs/mysql-operator/pkg/controller/mysqlcluster/mysqlcluster_controller.go:120.3,120.33 1 0
github.com/presslabs/mysql-operator/pkg/controller/mysqlcluster/mysqlcluster_controller.go:114.29,118.4 1 1
github.com/presslabs/mysql-operator/pkg/controller/mysqlcluster/mysqlcluster_controller.go:125.39,127.3 1 0
github.com/presslabs/mysql-operator/pkg/controller/mysqlcluster/mysqlcluster_controller.go:133.15,136.17 2 1
github.com/presslabs/mysql-operator/pkg/controller/mysqlcluster/mysqlcluster_controller.go:136.17,138.4 1 1
github.com/presslabs/mysql-operator/pkg/controller/mysqlcluster/mysqlcluster_controller.go:148.16,150.3 1 0
github.com/presslabs/mysql-operator/pkg/controller/mysqlcluster/mysqlcluster_controller.go:154.16,156.3 1 0
github.com/presslabs/mysql-operator/pkg/controller/mysqlcluster/mysqlcluster_controller.go:167.41,169.3 1 1
github.com/presslabs/mysql-operator/pkg/controller/mysqlcluster/mysqlcluster_controller.go:174.110,175.28 1 1
github.com/presslabs/mysql-operator/pkg/controller/mysqlcluster/mysqlcluster_controller.go:204.2,204.12 1 1
github.com/presslabs/mysql-operator/pkg/controller/mysqlcluster/mysqlcluster_controller.go:175.28,180.35 3 1
github.com/presslabs/mysql-operator/pkg/controller/mysqlcluster/mysqlcluster_controller.go:191.3,196.17 4 1
github.com/presslabs/mysql-operator/pkg/controller/mysqlcluster/mysqlcluster_controller.go:200.3,200.41 1 1
github.com/presslabs/mysql-operator/pkg/controller/mysqlcluster/mysqlcluster_controller.go:180.35,181.43 1 1
github.com/presslabs/mysql-operator/pkg/controller/mysqlcluster/mysqlcluster_controller.go:181.43,184.92 2 1
github.com/presslabs/mysql-operator/pkg/controller/mysqlcluster/mysqlcluster_controller.go:187.5,187.22 1 1
github.com/presslabs/mysql-operator/pkg/controller/mysqlcluster/mysqlcluster_controller.go:184.92,186.6 1 0
github.com/presslabs/mysql-operator/pkg/controller/mysqlcluster/mysqlcluster_controller.go:196.17,199.4 2 1
github.com/presslabs/mysql-operator/pkg/controller/mysqlcluster/mysqlcluster_controller.go:200.41,202.4 1 1
github.com/presslabs/mysql-operator/pkg/controller/mysqlcluster/mysqlcluster_controller.go:207.117,213.16 3 1
github.com/presslabs/mysql-operator/pkg/controller/mysqlcluster/mysqlcluster_controller.go:217.2,222.16 3 1
github.com/presslabs/mysql-operator/pkg/controller/mysqlcluster/mysqlcluster_controller.go:226.2,226.63 1 1
github.com/presslabs/mysql-operator/pkg/controller/mysqlcluster/mysqlcluster_controller.go:213.16,215.3 1 0
github.com/presslabs/mysql-operator/pkg/controller/mysqlcluster/mysqlcluster_controller.go:222.16,224.3 1 0
github.com/presslabs/mysql-operator/pkg/controller/mysqlcluster/mysqlcluster_controller.go:229.64,231.16 2 1
github.com/presslabs/mysql-operator/pkg/controller/mysqlcluster/mysqlcluster_controller.go:235.2,235.37 1 1
github.com/presslabs/mysql-operator/pkg/controller/mysqlcluster/mysqlcluster_controller.go:231.16,233.3 1 1
